<?xml version="1.0" encoding="UTF-8"?>
<!-- Generated by org.testng.reporters.JUnitReportReporter -->
<testsuite skipped="0" hostname="Rajitha" name="testng.takescreentest" tests="1" failures="0" timestamp="24 May 2017 16:50:05 GMT" time="0.120" errors="0">
  <testcase name="f" time="0.120" classname="testng.takescreentest"/>
</testsuite> <!-- testng.takescreentest -->
