<?xml version="1.0" encoding="UTF-8"?>
<!-- Generated by org.testng.reporters.JUnitReportReporter -->
<testsuite skipped="0" hostname="Rajitha" name="testng.getdropdowmlist" tests="1" failures="0" timestamp="26 May 2017 02:20:34 GMT" time="41.197" errors="0">
  <testcase name="f" time="41.197" classname="testng.getdropdowmlist"/>
</testsuite> <!-- testng.getdropdowmlist -->
