<?xml version="1.0" encoding="UTF-8"?>
<!-- Generated by org.testng.reporters.JUnitReportReporter -->
<testsuite skipped="0" hostname="Rajitha" name="testng.Annotations1" tests="3" failures="0" timestamp="18 May 2017 02:20:05 GMT" time="0.044" errors="0">
  <testcase name="f" time="0.012" classname="testng.Annotations1"/>
  <testcase name="b" time="0.019" classname="testng.Annotations1"/>
  <testcase name="d" time="0.013" classname="testng.Annotations1"/>
</testsuite> <!-- testng.Annotations1 -->
