<?xml version="1.0" encoding="UTF-8"?>
<!-- Generated by org.testng.reporters.JUnitReportReporter -->
<testsuite skipped="0" hostname="Rajitha" name="testng.Testng_Annotations" tests="1" failures="0" timestamp="18 May 2017 02:20:05 GMT" time="0.015" errors="0">
  <testcase name="f" time="0.015" classname="testng.Testng_Annotations"/>
</testsuite> <!-- testng.Testng_Annotations -->
