<?xml version="1.0" encoding="UTF-8"?>
<!-- Generated by org.testng.reporters.JUnitReportReporter -->
<testsuite skipped="0" hostname="Rajitha" name="testng.secondprogram" tests="1" failures="0" timestamp="18 May 2017 02:20:05 GMT" time="3.868" errors="0">
  <testcase name="FB_login" time="3.868" classname="testng.secondprogram"/>
</testsuite> <!-- testng.secondprogram -->
